Determining if the pthread_create exist failed with the following output:
Change Dir: /mnt/e/Sx/Programming/osci/build/CMakeFiles/CMakeTmp

Run Build Command:/usr/bin/make "cmTryCompileExec3046904029/fast"
/usr/bin/make -f CMakeFiles/cmTryCompileExec3046904029.dir/build.make CMakeFiles/cmTryCompileExec3046904029.dir/build
make[1]: Вход в каталог `/mnt/e/Sx/Programming/osci/build/CMakeFiles/CMakeTmp'
/usr/bin/cmake -E cmake_progress_report /mnt/e/Sx/Programming/osci/build/CMakeFiles/CMakeTmp/CMakeFiles 1
Building C object CMakeFiles/cmTryCompileExec3046904029.dir/CheckSymbolExists.c.o
/usr/bin/cc    -o CMakeFiles/cmTryCompileExec3046904029.dir/CheckSymbolExists.c.o   -c /mnt/e/Sx/Programming/osci/build/CMakeFiles/CMakeTmp/CheckSymbolExists.c
Linking C executable cmTryCompileExec3046904029
/usr/bin/cmake -E cmake_link_script CMakeFiles/cmTryCompileExec3046904029.dir/link.txt --verbose=1
/usr/bin/cc       CMakeFiles/cmTryCompileExec3046904029.dir/CheckSymbolExists.c.o  -o cmTryCompileExec3046904029 -rdynamic 
CMakeFiles/cmTryCompileExec3046904029.dir/CheckSymbolExists.c.o: In function `main':
CheckSymbolExists.c:(.text+0x16): undefined reference to `pthread_create'
collect2: error: ld returned 1 exit status
make[1]: *** [cmTryCompileExec3046904029] Ошибка 1
make[1]: Выход из каталога `/mnt/e/Sx/Programming/osci/build/CMakeFiles/CMakeTmp'
make: *** [cmTryCompileExec3046904029/fast] Ошибка 2

File /mnt/e/Sx/Programming/osci/build/CMakeFiles/CMakeTmp/CheckSymbolExists.c:
/* */
#include <pthread.h>

int main(int argc, char** argv)
{
  (void)argv;
#ifndef pthread_create
  return ((int*)(&pthread_create))[argc];
#else
  (void)argc;
  return 0;
#endif
}

Determining if the function pthread_create exists in the pthreads failed with the following output:
Change Dir: /mnt/e/Sx/Programming/osci/build/CMakeFiles/CMakeTmp

Run Build Command:/usr/bin/make "cmTryCompileExec4087428107/fast"
/usr/bin/make -f CMakeFiles/cmTryCompileExec4087428107.dir/build.make CMakeFiles/cmTryCompileExec4087428107.dir/build
make[1]: Вход в каталог `/mnt/e/Sx/Programming/osci/build/CMakeFiles/CMakeTmp'
/usr/bin/cmake -E cmake_progress_report /mnt/e/Sx/Programming/osci/build/CMakeFiles/CMakeTmp/CMakeFiles 1
Building C object CMakeFiles/cmTryCompileExec4087428107.dir/CheckFunctionExists.c.o
/usr/bin/cc   -DCHECK_FUNCTION_EXISTS=pthread_create   -o CMakeFiles/cmTryCompileExec4087428107.dir/CheckFunctionExists.c.o   -c /usr/share/cmake-2.8/Modules/CheckFunctionExists.c
Linking C executable cmTryCompileExec4087428107
/usr/bin/cmake -E cmake_link_script CMakeFiles/cmTryCompileExec4087428107.dir/link.txt --verbose=1
/usr/bin/cc   -DCHECK_FUNCTION_EXISTS=pthread_create    CMakeFiles/cmTryCompileExec4087428107.dir/CheckFunctionExists.c.o  -o cmTryCompileExec4087428107 -rdynamic -lpthreads 
/usr/bin/ld: cannot find -lpthreads
collect2: error: ld returned 1 exit status
make[1]: *** [cmTryCompileExec4087428107] Ошибка 1
make[1]: Выход из каталога `/mnt/e/Sx/Programming/osci/build/CMakeFiles/CMakeTmp'
make: *** [cmTryCompileExec4087428107/fast] Ошибка 2


